C51 COMPILER V9.60.0.0   EVM                                                               01/11/2021 10:16:59 PAGE 1   


C51 COMPILER V9.60.0.0, COMPILATION OF MODULE EVM
OBJECT MODULE PLACED IN .\Objects\EVM.obj
COMPILER INVOKED BY: D:\Keil_V5\C51\BIN\C51.EXE EVM.C OPTIMIZE(8,SPEED) BROWSE DEBUG OBJECTEXTEND PRINT(.\Listings\EVM.l
                    -st) TABS(2) OBJECT(.\Objects\EVM.obj)

line level    source

   1          #include <reg51.h>
   2          #define msec 1
   3          
   4          sbit s1=P3^2;      //Input pins for four candidates
   5          sbit s2=P3^3;
   6          sbit s3=P3^4;
   7          sbit s4=P3^5;
   8          
   9          sbit ctrl_4=P1^0;  //Declare the control pins of seven segments
  10          sbit ctrl_3=P1^1;
  11          sbit ctrl_2=P1^2;
  12          sbit ctrl_1=P1^3;
  13          
  14          unsigned int v1,v2,v3,v4;
  15          
  16          unsigned int digi_val[10]={0x40,0xF9,0x24,0x30,0x19,0x12,0x02,0xF8,0x00,0x10};
  17          unsigned int dig_1,dig_2,dig_3,dig_4;
  18          
  19          
  20          
  21          void delay(unsigned int count)  // Time delay function
  22          {
  23   1        unsigned int j,k;
  24   1        for(j=0;j<=count;j++)
  25   1        for (k=0;k<=50;k++);
  26   1      }
  27          
  28          void digi_out(unsigned int current_num)   // Funtion to display total votes
  29          {
  30   1        unsigned int dig_disp;
  31   1        dig_disp=current_num;
  32   1        P2 = digi_val[current_num];
  33   1        delay(msec);
  34   1      }
  35          
  36          
  37          void calc_vote()   // Funtion to count the number of votes
  38          {
  39   1        while(1)
  40   1        {
  41   2          if (s1==0)
  42   2          {
  43   3            while (s1 == 0);   //check if switch 1 is pressed
  44   3            {
  45   4              v1 = v1 + 1;
  46   4              if(v1==10)
  47   4              v1=0;
  48   4            }
  49   3          }
  50   2      
  51   2          if (s2==0)    //check if switch 2 is pressed
  52   2          {
  53   3            while (s2 == 0);
  54   3            {
C51 COMPILER V9.60.0.0   EVM                                                               01/11/2021 10:16:59 PAGE 2   

  55   4              v2 = v2 + 1;
  56   4              if(v2==10)
  57   4              v2=0;
  58   4            }
  59   3          }
  60   2      
  61   2          if (s3==0)    //check if switch 3 is pressed
  62   2          {
  63   3            while (s3 == 0);
  64   3            {
  65   4              v3 = v3 + 1;
  66   4              if(v3==10)
  67   4              v3=0;
  68   4            }
  69   3          }
  70   2      
  71   2          if (s4==0)   //check if switch 4 is pressed
  72   2          {
  73   3            while (s4 == 0);
  74   3            {
  75   4              v4 = v4 + 1;
  76   4              if(v4==10)
  77   4              v4=0;
  78   4            }
  79   3          }
  80   2      
  81   2          ctrl_1 = 1;
  82   2          ctrl_3 = ctrl_2 = ctrl_4 = 0;
  83   2          digi_out(v1);
  84   2          ctrl_2 = 1;
  85   2          ctrl_4 = ctrl_3 = ctrl_1 = 0;
  86   2          digi_out(v2);
  87   2          ctrl_3 = 1;
  88   2          ctrl_2 = ctrl_4 = ctrl_1 = 0;
  89   2          digi_out(v3);
  90   2          ctrl_4 = 1;
  91   2          ctrl_3 = ctrl_2 = ctrl_1 = 0;
  92   2          digi_out(v4);
  93   2        }
  94   1      }
  95          
  96          
  97          void main()
  98          {
  99   1        v1 = v2 = v3 = v4 = 0;
 100   1        s1 = s2 = s3 = s4 = 1;   // Initialize the input pins
 101   1        while(1)
 102   1        {
 103   2          calc_vote();
 104   2        }
 105   1      }
 106          
 107           


MODULE INFORMATION:   STATIC OVERLAYABLE
   CODE SIZE        =    242    ----
   CONSTANT SIZE    =   ----    ----
   XDATA SIZE       =   ----    ----
   PDATA SIZE       =   ----    ----
   DATA SIZE        =     36       2
   IDATA SIZE       =   ----    ----
C51 COMPILER V9.60.0.0   EVM                                                               01/11/2021 10:16:59 PAGE 3   

   BIT SIZE         =   ----    ----
END OF MODULE INFORMATION.


C51 COMPILATION COMPLETE.  0 WARNING(S),  0 ERROR(S)
